<?xml version="1.0" encoding="UTF-8"?>
<testsuite name="CalculadoraTest" tests="1" skipped="0" failures="0" errors="0" timestamp="2021-11-08T23:03:54" hostname="DESKTOP-TMUUM65" time="0.015">
  <properties/>
  <testcase name="soma()" classname="CalculadoraTest" time="0.015"/>
  <system-out><![CDATA[]]></system-out>
  <system-err><![CDATA[]]></system-err>
</testsuite>
